SF:C:\Users\Alex\Git\CS4790\assignment-05-AlexHamlet\BlabberApp\BlabberApp.DataStore\Plugins\InMemory.cs
FN:31,System.Void BlabberApp.DataStore.Plugins.InMemory::Create(BlabberApp.Domain.Interfaces.IEntity)
FNDA:4,System.Void BlabberApp.DataStore.Plugins.InMemory::Create(BlabberApp.Domain.Interfaces.IEntity)
DA:32,4
DA:33,4
DA:34,4
FN:40,System.Collections.IEnumerable BlabberApp.DataStore.Plugins.InMemory::ReadAll()
FNDA:1,System.Collections.IEnumerable BlabberApp.DataStore.Plugins.InMemory::ReadAll()
DA:41,1
DA:42,1
DA:43,1
FN:50,BlabberApp.Domain.Interfaces.IEntity BlabberApp.DataStore.Plugins.InMemory::ReadById(System.Guid)
FNDA:2,BlabberApp.Domain.Interfaces.IEntity BlabberApp.DataStore.Plugins.InMemory::ReadById(System.Guid)
DA:51,2
DA:52,8
DA:53,2
DA:54,4
DA:55,0
DA:56,0
DA:57,2
BRDA:52,57,1,2
BRDA:54,44,0,2
BRDA:54,44,1,0
BRDA:52,57,0,0
FN:66,BlabberApp.Domain.Interfaces.IEntity BlabberApp.DataStore.Plugins.InMemory::ReadByUserEmail(System.String)
FNDA:1,BlabberApp.Domain.Interfaces.IEntity BlabberApp.DataStore.Plugins.InMemory::ReadByUserEmail(System.String)
DA:67,1
DA:68,0
DA:69,0
DA:70,0
DA:71,0
DA:72,0
DA:74,0
DA:75,1
DA:76,1
BRDA:68,57,1,0
BRDA:70,43,0,0
BRDA:70,43,1,0
BRDA:68,57,0,1
FN:82,System.Void BlabberApp.DataStore.Plugins.InMemory::Update(BlabberApp.Domain.Interfaces.IEntity)
FNDA:2,System.Void BlabberApp.DataStore.Plugins.InMemory::Update(BlabberApp.Domain.Interfaces.IEntity)
DA:83,2
DA:84,2
DA:85,2
DA:86,2
FN:92,System.Void BlabberApp.DataStore.Plugins.InMemory::Delete(BlabberApp.Domain.Interfaces.IEntity)
FNDA:3,System.Void BlabberApp.DataStore.Plugins.InMemory::Delete(BlabberApp.Domain.Interfaces.IEntity)
DA:93,3
DA:94,3
DA:95,3
FN:102,System.Collections.IEnumerable BlabberApp.DataStore.Plugins.InMemory::ReadByUserId(System.String)
FNDA:2,System.Collections.IEnumerable BlabberApp.DataStore.Plugins.InMemory::ReadByUserId(System.String)
DA:103,2
DA:104,2
DA:105,2
FN:21,System.Void BlabberApp.DataStore.Plugins.InMemory::.ctor()
FNDA:6,System.Void BlabberApp.DataStore.Plugins.InMemory::.ctor()
DA:22,6
DA:23,6
DA:24,6
DA:25,6
LF:36
LH:28
BRF:8
BRH:3
FNF:8
FNH:8
end_of_record
SF:C:\Users\Alex\Git\CS4790\assignment-05-AlexHamlet\BlabberApp\BlabberApp.DataStore\Plugins\MySqlBlab.cs
FN:36,System.Void BlabberApp.DataStore.Plugins.MySqlBlab::Close()
FNDA:1,System.Void BlabberApp.DataStore.Plugins.MySqlBlab::Close()
DA:37,1
DA:38,1
DA:39,1
FN:44,System.Void BlabberApp.DataStore.Plugins.MySqlBlab::Create(BlabberApp.Domain.Interfaces.IEntity)
FNDA:1,System.Void BlabberApp.DataStore.Plugins.MySqlBlab::Create(BlabberApp.Domain.Interfaces.IEntity)
DA:45,1
DA:47,1
DA:48,1
DA:49,1
DA:51,1
DA:52,1
DA:53,1
DA:54,1
DA:55,1
DA:56,1
DA:57,1
DA:58,1
DA:59,0
DA:60,1
FN:65,System.Collections.IEnumerable BlabberApp.DataStore.Plugins.MySqlBlab::ReadAll()
FNDA:2,System.Collections.IEnumerable BlabberApp.DataStore.Plugins.MySqlBlab::ReadAll()
DA:66,2
DA:68,2
DA:70,2
DA:71,2
DA:72,2
DA:73,2
DA:75,2
DA:77,2
DA:79,58
DA:80,26
DA:81,26
DA:82,26
DA:84,2
DA:86,0
DA:87,2
BRDA:79,109,1,26
BRDA:79,109,0,2
FN:93,BlabberApp.Domain.Interfaces.IEntity BlabberApp.DataStore.Plugins.MySqlBlab::ReadById(System.Guid)
FNDA:1,BlabberApp.Domain.Interfaces.IEntity BlabberApp.DataStore.Plugins.MySqlBlab::ReadById(System.Guid)
DA:94,1
DA:96,1
DA:98,1
DA:99,1
DA:100,1
DA:101,1
DA:103,1
DA:105,1
DA:106,1
DA:108,1
DA:110,1
DA:112,0
DA:113,1
FN:119,System.Collections.IEnumerable BlabberApp.DataStore.Plugins.MySqlBlab::ReadByUserId(System.String)
FNDA:1,System.Collections.IEnumerable BlabberApp.DataStore.Plugins.MySqlBlab::ReadByUserId(System.String)
DA:120,1
DA:122,1
DA:124,1
DA:125,1
DA:126,1
DA:127,1
DA:129,1
DA:131,1
DA:133,0
DA:134,0
DA:135,0
DA:136,0
DA:138,1
DA:139,0
DA:141,1
BRDA:133,125,1,0
BRDA:133,125,0,1
FN:146,System.Void BlabberApp.DataStore.Plugins.MySqlBlab::Update(BlabberApp.Domain.Interfaces.IEntity)
FNDA:2,System.Void BlabberApp.DataStore.Plugins.MySqlBlab::Update(BlabberApp.Domain.Interfaces.IEntity)
DA:147,2
DA:149,2
DA:150,2
DA:151,2
DA:152,0
DA:153,2
FN:159,System.Void BlabberApp.DataStore.Plugins.MySqlBlab::Delete(BlabberApp.Domain.Interfaces.IEntity)
FNDA:2,System.Void BlabberApp.DataStore.Plugins.MySqlBlab::Delete(BlabberApp.Domain.Interfaces.IEntity)
DA:160,2
DA:162,2
DA:163,2
DA:164,2
DA:165,0
DA:166,2
FN:22,System.Void BlabberApp.DataStore.Plugins.MySqlBlab::.ctor()
FNDA:4,System.Void BlabberApp.DataStore.Plugins.MySqlBlab::.ctor()
DA:23,4
DA:24,4
DA:27,4
DA:29,4
DA:30,4
DA:31,0
DA:32,4
LF:79
LH:68
BRF:4
BRH:3
FNF:8
FNH:8
end_of_record
SF:C:\Users\Alex\Git\CS4790\assignment-05-AlexHamlet\BlabberApp\BlabberApp.DataStore\Plugins\MySqlContext.cs
FN:16,Microsoft.EntityFrameworkCore.DbSet`1<BlabberApp.Domain.Entities.Blab> BlabberApp.DataStore.Plugins.MySqlContext::get_Blab()
FNDA:0,Microsoft.EntityFrameworkCore.DbSet`1<BlabberApp.Domain.Entities.Blab> BlabberApp.DataStore.Plugins.MySqlContext::get_Blab()
DA:17,0
FN:20,Microsoft.EntityFrameworkCore.DbSet`1<BlabberApp.Domain.Entities.User> BlabberApp.DataStore.Plugins.MySqlContext::get_User()
FNDA:0,Microsoft.EntityFrameworkCore.DbSet`1<BlabberApp.Domain.Entities.User> BlabberApp.DataStore.Plugins.MySqlContext::get_User()
DA:21,0
FN:27,System.Void BlabberApp.DataStore.Plugins.MySqlContext::OnConfiguring(Microsoft.EntityFrameworkCore.DbContextOptionsBuilder)
FNDA:0,System.Void BlabberApp.DataStore.Plugins.MySqlContext::OnConfiguring(Microsoft.EntityFrameworkCore.DbContextOptionsBuilder)
DA:28,0
DA:29,0
DA:30,0
FN:35,System.Void BlabberApp.DataStore.Plugins.MySqlContext::OnModelCreating(Microsoft.EntityFrameworkCore.ModelBuilder)
FNDA:0,System.Void BlabberApp.DataStore.Plugins.MySqlContext::OnModelCreating(Microsoft.EntityFrameworkCore.ModelBuilder)
DA:36,0
DA:37,0
DA:39,0
DA:40,0
DA:41,0
DA:42,0
DA:43,0
DA:44,0
DA:45,0
DA:47,0
DA:48,0
DA:49,0
DA:50,0
DA:51,0
DA:52,0
DA:53,0
DA:54,0
LF:22
LH:0
BRF:0
BRH:0
FNF:4
FNH:0
end_of_record
SF:C:\Users\Alex\Git\CS4790\assignment-05-AlexHamlet\BlabberApp\BlabberApp.DataStore\Plugins\MySqlUser.cs
FN:36,System.Void BlabberApp.DataStore.Plugins.MySqlUser::Close()
FNDA:1,System.Void BlabberApp.DataStore.Plugins.MySqlUser::Close()
DA:37,1
DA:38,1
DA:39,1
FN:44,System.Void BlabberApp.DataStore.Plugins.MySqlUser::Create(BlabberApp.Domain.Interfaces.IEntity)
FNDA:2,System.Void BlabberApp.DataStore.Plugins.MySqlUser::Create(BlabberApp.Domain.Interfaces.IEntity)
DA:45,2
DA:47,2
DA:57,2
DA:58,2
DA:60,2
DA:61,2
DA:62,2
DA:63,2
DA:64,2
DA:65,2
DA:66,2
DA:67,0
DA:68,2
FN:73,System.Collections.IEnumerable BlabberApp.DataStore.Plugins.MySqlUser::ReadAll()
FNDA:2,System.Collections.IEnumerable BlabberApp.DataStore.Plugins.MySqlUser::ReadAll()
DA:74,2
DA:76,2
DA:77,2
DA:78,2
DA:79,2
DA:80,2
DA:82,2
DA:84,2
DA:86,20
DA:87,7
DA:88,7
DA:89,7
DA:91,2
DA:92,0
DA:93,2
BRDA:86,120,1,7
BRDA:86,120,0,2
FN:99,BlabberApp.Domain.Interfaces.IEntity BlabberApp.DataStore.Plugins.MySqlUser::ReadById(System.Guid)
FNDA:1,BlabberApp.Domain.Interfaces.IEntity BlabberApp.DataStore.Plugins.MySqlUser::ReadById(System.Guid)
DA:100,1
DA:102,1
DA:103,1
DA:104,1
DA:105,1
DA:106,1
DA:108,1
DA:110,1
DA:112,1
DA:113,0
DA:114,1
FN:120,BlabberApp.Domain.Interfaces.IEntity BlabberApp.DataStore.Plugins.MySqlUser::ReadByUserEmail(System.String)
FNDA:1,BlabberApp.Domain.Interfaces.IEntity BlabberApp.DataStore.Plugins.MySqlUser::ReadByUserEmail(System.String)
DA:121,1
DA:123,1
DA:125,1
DA:126,1
DA:127,1
DA:128,1
DA:130,1
DA:132,1
DA:134,1
DA:135,0
DA:136,1
FN:141,System.Void BlabberApp.DataStore.Plugins.MySqlUser::Update(BlabberApp.Domain.Interfaces.IEntity)
FNDA:2,System.Void BlabberApp.DataStore.Plugins.MySqlUser::Update(BlabberApp.Domain.Interfaces.IEntity)
DA:142,2
DA:144,2
DA:145,2
DA:146,0
DA:147,2
FN:152,System.Void BlabberApp.DataStore.Plugins.MySqlUser::Delete(BlabberApp.Domain.Interfaces.IEntity)
FNDA:4,System.Void BlabberApp.DataStore.Plugins.MySqlUser::Delete(BlabberApp.Domain.Interfaces.IEntity)
DA:153,4
DA:154,4
DA:155,4
DA:156,4
DA:157,4
DA:158,4
DA:159,0
DA:160,4
FN:166,BlabberApp.Domain.Entities.User BlabberApp.DataStore.Plugins.MySqlUser::DataRow2User(System.Data.DataRow)
FNDA:9,BlabberApp.Domain.Entities.User BlabberApp.DataStore.Plugins.MySqlUser::DataRow2User(System.Data.DataRow)
DA:167,9
DA:168,9
DA:170,9
DA:171,9
DA:172,9
DA:173,9
DA:175,9
DA:176,9
FN:22,System.Void BlabberApp.DataStore.Plugins.MySqlUser::.ctor()
FNDA:8,System.Void BlabberApp.DataStore.Plugins.MySqlUser::.ctor()
DA:23,8
DA:24,8
DA:27,8
DA:29,8
DA:30,8
DA:31,0
DA:32,8
LF:81
LH:74
BRF:2
BRH:2
FNF:9
FNH:9
end_of_record
SF:C:\Users\Alex\Git\CS4790\assignment-05-AlexHamlet\BlabberApp\BlabberApp.DataStore\Adapters\BlabAdapter.cs
FN:25,System.Void BlabberApp.DataStore.Adapters.BlabAdapter::Add(BlabberApp.Domain.Entities.Blab)
FNDA:2,System.Void BlabberApp.DataStore.Adapters.BlabAdapter::Add(BlabberApp.Domain.Entities.Blab)
DA:26,2
DA:27,2
DA:28,2
FN:34,System.Void BlabberApp.DataStore.Adapters.BlabAdapter::Remove(BlabberApp.Domain.Entities.Blab)
FNDA:2,System.Void BlabberApp.DataStore.Adapters.BlabAdapter::Remove(BlabberApp.Domain.Entities.Blab)
DA:35,2
DA:36,2
DA:37,2
FN:43,System.Void BlabberApp.DataStore.Adapters.BlabAdapter::Update(BlabberApp.Domain.Entities.Blab)
FNDA:2,System.Void BlabberApp.DataStore.Adapters.BlabAdapter::Update(BlabberApp.Domain.Entities.Blab)
DA:44,2
DA:45,2
DA:46,2
FN:52,System.Collections.IEnumerable BlabberApp.DataStore.Adapters.BlabAdapter::GetAll()
FNDA:2,System.Collections.IEnumerable BlabberApp.DataStore.Adapters.BlabAdapter::GetAll()
DA:53,2
DA:54,2
DA:55,2
FN:62,BlabberApp.Domain.Entities.Blab BlabberApp.DataStore.Adapters.BlabAdapter::GetById(System.Guid)
FNDA:2,BlabberApp.Domain.Entities.Blab BlabberApp.DataStore.Adapters.BlabAdapter::GetById(System.Guid)
DA:63,2
DA:64,2
DA:65,2
FN:66,System.Collections.IEnumerable BlabberApp.DataStore.Adapters.BlabAdapter::GetByUserId(System.String)
FNDA:2,System.Collections.IEnumerable BlabberApp.DataStore.Adapters.BlabAdapter::GetByUserId(System.String)
DA:67,2
DA:68,2
DA:69,2
FN:16,System.Void BlabberApp.DataStore.Adapters.BlabAdapter::.ctor(BlabberApp.DataStore.Interfaces.IBlabPlugin)
FNDA:4,System.Void BlabberApp.DataStore.Adapters.BlabAdapter::.ctor(BlabberApp.DataStore.Interfaces.IBlabPlugin)
DA:17,4
DA:18,4
DA:19,4
DA:20,4
LF:22
LH:22
BRF:0
BRH:0
FNF:7
FNH:7
end_of_record
SF:C:\Users\Alex\Git\CS4790\assignment-05-AlexHamlet\BlabberApp\BlabberApp.DataStore\Adapters\UserAdapter.cs
FN:26,System.Void BlabberApp.DataStore.Adapters.UserAdapter::Add(BlabberApp.Domain.Entities.User)
FNDA:2,System.Void BlabberApp.DataStore.Adapters.UserAdapter::Add(BlabberApp.Domain.Entities.User)
DA:27,2
DA:28,2
DA:29,2
FN:35,System.Void BlabberApp.DataStore.Adapters.UserAdapter::Remove(BlabberApp.Domain.Entities.User)
FNDA:4,System.Void BlabberApp.DataStore.Adapters.UserAdapter::Remove(BlabberApp.Domain.Entities.User)
DA:36,4
DA:37,4
DA:38,4
FN:44,System.Void BlabberApp.DataStore.Adapters.UserAdapter::Update(BlabberApp.Domain.Entities.User)
FNDA:1,System.Void BlabberApp.DataStore.Adapters.UserAdapter::Update(BlabberApp.Domain.Entities.User)
DA:45,1
DA:46,1
DA:47,1
FN:53,System.Collections.IEnumerable BlabberApp.DataStore.Adapters.UserAdapter::GetAll()
FNDA:1,System.Collections.IEnumerable BlabberApp.DataStore.Adapters.UserAdapter::GetAll()
DA:54,1
DA:55,1
DA:56,1
FN:63,BlabberApp.Domain.Entities.User BlabberApp.DataStore.Adapters.UserAdapter::GetById(System.Guid)
FNDA:1,BlabberApp.Domain.Entities.User BlabberApp.DataStore.Adapters.UserAdapter::GetById(System.Guid)
DA:64,1
DA:65,1
DA:66,1
FN:73,BlabberApp.Domain.Entities.User BlabberApp.DataStore.Adapters.UserAdapter::GetByEmail(System.String)
FNDA:1,BlabberApp.Domain.Entities.User BlabberApp.DataStore.Adapters.UserAdapter::GetByEmail(System.String)
DA:74,1
DA:75,1
DA:76,1
FN:16,System.Void BlabberApp.DataStore.Adapters.UserAdapter::.ctor(BlabberApp.DataStore.Interfaces.IUserPlugin)
FNDA:4,System.Void BlabberApp.DataStore.Adapters.UserAdapter::.ctor(BlabberApp.DataStore.Interfaces.IUserPlugin)
DA:17,4
DA:18,4
DA:19,4
DA:20,4
LF:22
LH:22
BRF:0
BRH:0
FNF:7
FNH:7
end_of_record
SF:C:\Users\Alex\Git\CS4790\assignment-05-AlexHamlet\BlabberApp\BlabberApp.Domain\Entities\Blab.cs
FN:60,System.Guid BlabberApp.Domain.Entities.Blab::get_Id()
FNDA:15,System.Guid BlabberApp.Domain.Entities.Blab::get_Id()
DA:61,15
FN:61,System.DateTime BlabberApp.Domain.Entities.Blab::get_DTTM()
FNDA:1,System.DateTime BlabberApp.Domain.Entities.Blab::get_DTTM()
DA:62,1
FN:62,System.String BlabberApp.Domain.Entities.Blab::get_Message()
FNDA:9,System.String BlabberApp.Domain.Entities.Blab::get_Message()
DA:63,9
FN:63,BlabberApp.Domain.Entities.User BlabberApp.Domain.Entities.Blab::get_User()
FNDA:9,BlabberApp.Domain.Entities.User BlabberApp.Domain.Entities.Blab::get_User()
DA:64,9
FN:16,System.Void BlabberApp.Domain.Entities.Blab::.ctor()
FNDA:2,System.Void BlabberApp.Domain.Entities.Blab::.ctor()
DA:17,2
DA:18,2
DA:19,2
DA:20,2
DA:21,2
DA:22,2
DA:23,2
FN:27,System.Void BlabberApp.Domain.Entities.Blab::.ctor(System.String)
FNDA:1,System.Void BlabberApp.Domain.Entities.Blab::.ctor(System.String)
DA:28,1
DA:29,1
DA:30,1
DA:31,1
DA:32,1
DA:33,1
DA:34,1
FN:38,System.Void BlabberApp.Domain.Entities.Blab::.ctor(BlabberApp.Domain.Entities.User)
FNDA:1,System.Void BlabberApp.Domain.Entities.Blab::.ctor(BlabberApp.Domain.Entities.User)
DA:39,1
DA:40,1
DA:41,1
DA:42,1
DA:43,1
DA:44,1
DA:45,1
FN:50,System.Void BlabberApp.Domain.Entities.Blab::.ctor(System.String,BlabberApp.Domain.Entities.User)
FNDA:3,System.Void BlabberApp.Domain.Entities.Blab::.ctor(System.String,BlabberApp.Domain.Entities.User)
DA:51,3
DA:52,3
DA:53,3
DA:54,3
DA:55,3
DA:56,3
DA:57,3
LF:32
LH:32
BRF:0
BRH:0
FNF:8
FNH:8
end_of_record
SF:C:\Users\Alex\Git\CS4790\assignment-05-AlexHamlet\BlabberApp\BlabberApp.Domain\Entities\User.cs
FN:16,System.Guid BlabberApp.Domain.Entities.User::get_Id()
FNDA:44,System.Guid BlabberApp.Domain.Entities.User::get_Id()
DA:17,44
FN:17,System.DateTime BlabberApp.Domain.Entities.User::get_RegisterDTTM()
FNDA:0,System.DateTime BlabberApp.Domain.Entities.User::get_RegisterDTTM()
DA:18,0
FN:18,System.DateTime BlabberApp.Domain.Entities.User::get_LastLoginDTTM()
FNDA:0,System.DateTime BlabberApp.Domain.Entities.User::get_LastLoginDTTM()
DA:19,0
FN:19,System.String BlabberApp.Domain.Entities.User::get_Email()
FNDA:27,System.String BlabberApp.Domain.Entities.User::get_Email()
DA:20,27
FN:41,System.Void BlabberApp.Domain.Entities.User::ChangeEmail(System.String)
FNDA:20,System.Void BlabberApp.Domain.Entities.User::ChangeEmail(System.String)
DA:42,20
DA:43,20
DA:44,0
DA:46,20
DA:47,20
DA:48,20
DA:49,0
DA:50,0
DA:51,0
DA:53,20
DA:54,20
BRDA:43,7,0,20
BRDA:43,7,1,0
BRDA:43,24,0,0
BRDA:43,24,1,20
FN:23,System.Void BlabberApp.Domain.Entities.User::.ctor()
FNDA:14,System.Void BlabberApp.Domain.Entities.User::.ctor()
DA:24,14
DA:25,14
DA:26,14
DA:27,14
FN:31,System.Void BlabberApp.Domain.Entities.User::.ctor(System.String)
FNDA:11,System.Void BlabberApp.Domain.Entities.User::.ctor(System.String)
DA:32,11
DA:33,11
DA:34,11
DA:35,11
DA:36,11
LF:24
LH:18
BRF:4
BRH:2
FNF:7
FNH:5
end_of_record