SF:C:\Users\Alex\Git\CS4790\assignment-05-AlexHamlet\BlabberApp\BlabberApp.Domain\Entities\Blab.cs
FN:60,System.Guid BlabberApp.Domain.Entities.Blab::get_Id()
FNDA:11,System.Guid BlabberApp.Domain.Entities.Blab::get_Id()
DA:61,11
FN:61,System.DateTime BlabberApp.Domain.Entities.Blab::get_DTTM()
FNDA:2,System.DateTime BlabberApp.Domain.Entities.Blab::get_DTTM()
DA:62,2
FN:62,System.String BlabberApp.Domain.Entities.Blab::get_Message()
FNDA:13,System.String BlabberApp.Domain.Entities.Blab::get_Message()
DA:63,13
FN:63,BlabberApp.Domain.Entities.User BlabberApp.Domain.Entities.Blab::get_User()
FNDA:11,BlabberApp.Domain.Entities.User BlabberApp.Domain.Entities.Blab::get_User()
DA:64,11
FN:16,System.Void BlabberApp.Domain.Entities.Blab::.ctor()
FNDA:6,System.Void BlabberApp.Domain.Entities.Blab::.ctor()
DA:17,6
DA:18,6
DA:19,6
DA:20,6
DA:21,6
DA:22,6
DA:23,6
FN:27,System.Void BlabberApp.Domain.Entities.Blab::.ctor(System.String)
FNDA:1,System.Void BlabberApp.Domain.Entities.Blab::.ctor(System.String)
DA:28,1
DA:29,1
DA:30,1
DA:31,1
DA:32,1
DA:33,1
DA:34,1
FN:38,System.Void BlabberApp.Domain.Entities.Blab::.ctor(BlabberApp.Domain.Entities.User)
FNDA:1,System.Void BlabberApp.Domain.Entities.Blab::.ctor(BlabberApp.Domain.Entities.User)
DA:39,1
DA:40,1
DA:41,1
DA:42,1
DA:43,1
DA:44,1
DA:45,1
FN:50,System.Void BlabberApp.Domain.Entities.Blab::.ctor(System.String,BlabberApp.Domain.Entities.User)
FNDA:1,System.Void BlabberApp.Domain.Entities.Blab::.ctor(System.String,BlabberApp.Domain.Entities.User)
DA:51,1
DA:52,1
DA:53,1
DA:54,1
DA:55,1
DA:56,1
DA:57,1
LF:32
LH:32
BRF:0
BRH:0
FNF:8
FNH:8
end_of_record
SF:C:\Users\Alex\Git\CS4790\assignment-05-AlexHamlet\BlabberApp\BlabberApp.Domain\Entities\User.cs
FN:16,System.Guid BlabberApp.Domain.Entities.User::get_Id()
FNDA:14,System.Guid BlabberApp.Domain.Entities.User::get_Id()
DA:17,14
FN:17,System.DateTime BlabberApp.Domain.Entities.User::get_RegisterDTTM()
FNDA:0,System.DateTime BlabberApp.Domain.Entities.User::get_RegisterDTTM()
DA:18,0
FN:18,System.DateTime BlabberApp.Domain.Entities.User::get_LastLoginDTTM()
FNDA:0,System.DateTime BlabberApp.Domain.Entities.User::get_LastLoginDTTM()
DA:19,0
FN:19,System.String BlabberApp.Domain.Entities.User::get_Email()
FNDA:3,System.String BlabberApp.Domain.Entities.User::get_Email()
DA:20,3
FN:41,System.Void BlabberApp.Domain.Entities.User::ChangeEmail(System.String)
FNDA:3,System.Void BlabberApp.Domain.Entities.User::ChangeEmail(System.String)
DA:42,3
DA:43,3
DA:44,0
DA:46,3
DA:47,3
DA:48,2
DA:49,1
DA:50,1
DA:51,1
DA:53,2
DA:54,2
BRDA:43,7,0,3
BRDA:43,7,1,0
BRDA:43,24,0,0
BRDA:43,24,1,3
FN:23,System.Void BlabberApp.Domain.Entities.User::.ctor()
FNDA:11,System.Void BlabberApp.Domain.Entities.User::.ctor()
DA:24,11
DA:25,11
DA:26,11
DA:27,11
FN:31,System.Void BlabberApp.Domain.Entities.User::.ctor(System.String)
FNDA:1,System.Void BlabberApp.Domain.Entities.User::.ctor(System.String)
DA:32,1
DA:33,1
DA:34,1
DA:35,1
DA:36,1
LF:24
LH:21
BRF:4
BRH:2
FNF:7
FNH:5
end_of_record