SF:C:\Users\Alex\Git\CS4790\assignment-05-AlexHamlet\BlabberApp\BlabberApp.DataStore\Plugins\InMemory.cs
FN:31,System.Void BlabberApp.DataStore.Plugins.InMemory::Create(BlabberApp.Domain.Interfaces.IEntity)
FNDA:2,System.Void BlabberApp.DataStore.Plugins.InMemory::Create(BlabberApp.Domain.Interfaces.IEntity)
DA:32,2
DA:33,2
DA:34,2
FN:40,System.Collections.IEnumerable BlabberApp.DataStore.Plugins.InMemory::ReadAll()
FNDA:2,System.Collections.IEnumerable BlabberApp.DataStore.Plugins.InMemory::ReadAll()
DA:41,2
DA:42,2
DA:43,2
FN:50,BlabberApp.Domain.Interfaces.IEntity BlabberApp.DataStore.Plugins.InMemory::ReadById(System.Guid)
FNDA:0,BlabberApp.Domain.Interfaces.IEntity BlabberApp.DataStore.Plugins.InMemory::ReadById(System.Guid)
DA:51,0
DA:52,0
DA:53,0
DA:54,0
DA:55,0
DA:56,0
DA:57,0
BRDA:52,57,1,0
BRDA:54,44,0,0
BRDA:54,44,1,0
BRDA:52,57,0,0
FN:66,BlabberApp.Domain.Interfaces.IEntity BlabberApp.DataStore.Plugins.InMemory::ReadByUserEmail(System.String)
FNDA:1,BlabberApp.Domain.Interfaces.IEntity BlabberApp.DataStore.Plugins.InMemory::ReadByUserEmail(System.String)
DA:67,1
DA:68,4
DA:69,1
DA:70,1
DA:71,1
DA:72,1
DA:74,0
DA:75,0
DA:76,1
BRDA:68,57,1,1
BRDA:70,43,0,1
BRDA:70,43,1,0
BRDA:68,57,0,0
FN:82,System.Void BlabberApp.DataStore.Plugins.InMemory::Update(BlabberApp.Domain.Interfaces.IEntity)
FNDA:0,System.Void BlabberApp.DataStore.Plugins.InMemory::Update(BlabberApp.Domain.Interfaces.IEntity)
DA:83,0
DA:84,0
DA:85,0
DA:86,0
FN:92,System.Void BlabberApp.DataStore.Plugins.InMemory::Delete(BlabberApp.Domain.Interfaces.IEntity)
FNDA:0,System.Void BlabberApp.DataStore.Plugins.InMemory::Delete(BlabberApp.Domain.Interfaces.IEntity)
DA:93,0
DA:94,0
DA:95,0
FN:102,System.Collections.IEnumerable BlabberApp.DataStore.Plugins.InMemory::ReadByUserId(System.String)
FNDA:0,System.Collections.IEnumerable BlabberApp.DataStore.Plugins.InMemory::ReadByUserId(System.String)
DA:103,0
DA:104,0
DA:105,0
FN:21,System.Void BlabberApp.DataStore.Plugins.InMemory::.ctor()
FNDA:8,System.Void BlabberApp.DataStore.Plugins.InMemory::.ctor()
DA:22,8
DA:23,8
DA:24,8
DA:25,8
LF:36
LH:17
BRF:8
BRH:2
FNF:8
FNH:4
end_of_record
SF:C:\Users\Alex\Git\CS4790\assignment-05-AlexHamlet\BlabberApp\BlabberApp.DataStore\Plugins\MySqlBlab.cs
FN:36,System.Void BlabberApp.DataStore.Plugins.MySqlBlab::Close()
FNDA:0,System.Void BlabberApp.DataStore.Plugins.MySqlBlab::Close()
DA:37,0
DA:38,0
DA:39,0
FN:44,System.Void BlabberApp.DataStore.Plugins.MySqlBlab::Create(BlabberApp.Domain.Interfaces.IEntity)
FNDA:0,System.Void BlabberApp.DataStore.Plugins.MySqlBlab::Create(BlabberApp.Domain.Interfaces.IEntity)
DA:45,0
DA:47,0
DA:48,0
DA:49,0
DA:51,0
DA:52,0
DA:53,0
DA:54,0
DA:55,0
DA:56,0
DA:57,0
DA:58,0
DA:59,0
DA:60,0
FN:65,System.Collections.IEnumerable BlabberApp.DataStore.Plugins.MySqlBlab::ReadAll()
FNDA:0,System.Collections.IEnumerable BlabberApp.DataStore.Plugins.MySqlBlab::ReadAll()
DA:66,0
DA:68,0
DA:70,0
DA:71,0
DA:72,0
DA:73,0
DA:75,0
DA:77,0
DA:79,0
DA:80,0
DA:81,0
DA:82,0
DA:84,0
DA:86,0
DA:87,0
BRDA:79,109,1,0
BRDA:79,109,0,0
FN:93,BlabberApp.Domain.Interfaces.IEntity BlabberApp.DataStore.Plugins.MySqlBlab::ReadById(System.Guid)
FNDA:0,BlabberApp.Domain.Interfaces.IEntity BlabberApp.DataStore.Plugins.MySqlBlab::ReadById(System.Guid)
DA:94,0
DA:96,0
DA:98,0
DA:99,0
DA:100,0
DA:101,0
DA:103,0
DA:105,0
DA:106,0
DA:108,0
DA:110,0
DA:112,0
DA:113,0
FN:119,System.Collections.IEnumerable BlabberApp.DataStore.Plugins.MySqlBlab::ReadByUserId(System.String)
FNDA:0,System.Collections.IEnumerable BlabberApp.DataStore.Plugins.MySqlBlab::ReadByUserId(System.String)
DA:120,0
DA:122,0
DA:124,0
DA:125,0
DA:126,0
DA:127,0
DA:129,0
DA:131,0
DA:133,0
DA:134,0
DA:135,0
DA:136,0
DA:138,0
DA:139,0
DA:141,0
BRDA:133,125,1,0
BRDA:133,125,0,0
FN:146,System.Void BlabberApp.DataStore.Plugins.MySqlBlab::Update(BlabberApp.Domain.Interfaces.IEntity)
FNDA:0,System.Void BlabberApp.DataStore.Plugins.MySqlBlab::Update(BlabberApp.Domain.Interfaces.IEntity)
DA:147,0
DA:149,0
DA:150,0
DA:151,0
DA:152,0
DA:153,0
FN:159,System.Void BlabberApp.DataStore.Plugins.MySqlBlab::Delete(BlabberApp.Domain.Interfaces.IEntity)
FNDA:0,System.Void BlabberApp.DataStore.Plugins.MySqlBlab::Delete(BlabberApp.Domain.Interfaces.IEntity)
DA:160,0
DA:162,0
DA:163,0
DA:164,0
DA:165,0
DA:166,0
FN:22,System.Void BlabberApp.DataStore.Plugins.MySqlBlab::.ctor()
FNDA:0,System.Void BlabberApp.DataStore.Plugins.MySqlBlab::.ctor()
DA:23,0
DA:24,0
DA:27,0
DA:29,0
DA:30,0
DA:31,0
DA:32,0
LF:79
LH:0
BRF:4
BRH:0
FNF:8
FNH:0
end_of_record
SF:C:\Users\Alex\Git\CS4790\assignment-05-AlexHamlet\BlabberApp\BlabberApp.DataStore\Plugins\MySqlContext.cs
FN:16,Microsoft.EntityFrameworkCore.DbSet`1<BlabberApp.Domain.Entities.Blab> BlabberApp.DataStore.Plugins.MySqlContext::get_Blab()
FNDA:0,Microsoft.EntityFrameworkCore.DbSet`1<BlabberApp.Domain.Entities.Blab> BlabberApp.DataStore.Plugins.MySqlContext::get_Blab()
DA:17,0
FN:20,Microsoft.EntityFrameworkCore.DbSet`1<BlabberApp.Domain.Entities.User> BlabberApp.DataStore.Plugins.MySqlContext::get_User()
FNDA:0,Microsoft.EntityFrameworkCore.DbSet`1<BlabberApp.Domain.Entities.User> BlabberApp.DataStore.Plugins.MySqlContext::get_User()
DA:21,0
FN:27,System.Void BlabberApp.DataStore.Plugins.MySqlContext::OnConfiguring(Microsoft.EntityFrameworkCore.DbContextOptionsBuilder)
FNDA:0,System.Void BlabberApp.DataStore.Plugins.MySqlContext::OnConfiguring(Microsoft.EntityFrameworkCore.DbContextOptionsBuilder)
DA:28,0
DA:29,0
DA:30,0
FN:35,System.Void BlabberApp.DataStore.Plugins.MySqlContext::OnModelCreating(Microsoft.EntityFrameworkCore.ModelBuilder)
FNDA:0,System.Void BlabberApp.DataStore.Plugins.MySqlContext::OnModelCreating(Microsoft.EntityFrameworkCore.ModelBuilder)
DA:36,0
DA:37,0
DA:39,0
DA:40,0
DA:41,0
DA:42,0
DA:43,0
DA:44,0
DA:45,0
DA:47,0
DA:48,0
DA:49,0
DA:50,0
DA:51,0
DA:52,0
DA:53,0
DA:54,0
LF:22
LH:0
BRF:0
BRH:0
FNF:4
FNH:0
end_of_record
SF:C:\Users\Alex\Git\CS4790\assignment-05-AlexHamlet\BlabberApp\BlabberApp.DataStore\Plugins\MySqlUser.cs
FN:36,System.Void BlabberApp.DataStore.Plugins.MySqlUser::Close()
FNDA:0,System.Void BlabberApp.DataStore.Plugins.MySqlUser::Close()
DA:37,0
DA:38,0
DA:39,0
FN:44,System.Void BlabberApp.DataStore.Plugins.MySqlUser::Create(BlabberApp.Domain.Interfaces.IEntity)
FNDA:0,System.Void BlabberApp.DataStore.Plugins.MySqlUser::Create(BlabberApp.Domain.Interfaces.IEntity)
DA:45,0
DA:47,0
DA:57,0
DA:58,0
DA:60,0
DA:61,0
DA:62,0
DA:63,0
DA:64,0
DA:65,0
DA:66,0
DA:67,0
DA:68,0
FN:73,System.Collections.IEnumerable BlabberApp.DataStore.Plugins.MySqlUser::ReadAll()
FNDA:0,System.Collections.IEnumerable BlabberApp.DataStore.Plugins.MySqlUser::ReadAll()
DA:74,0
DA:76,0
DA:77,0
DA:78,0
DA:79,0
DA:80,0
DA:82,0
DA:84,0
DA:86,0
DA:87,0
DA:88,0
DA:89,0
DA:91,0
DA:92,0
DA:93,0
BRDA:86,120,1,0
BRDA:86,120,0,0
FN:99,BlabberApp.Domain.Interfaces.IEntity BlabberApp.DataStore.Plugins.MySqlUser::ReadById(System.Guid)
FNDA:0,BlabberApp.Domain.Interfaces.IEntity BlabberApp.DataStore.Plugins.MySqlUser::ReadById(System.Guid)
DA:100,0
DA:102,0
DA:103,0
DA:104,0
DA:105,0
DA:106,0
DA:108,0
DA:110,0
DA:112,0
DA:113,0
DA:114,0
FN:120,BlabberApp.Domain.Interfaces.IEntity BlabberApp.DataStore.Plugins.MySqlUser::ReadByUserEmail(System.String)
FNDA:0,BlabberApp.Domain.Interfaces.IEntity BlabberApp.DataStore.Plugins.MySqlUser::ReadByUserEmail(System.String)
DA:121,0
DA:123,0
DA:125,0
DA:126,0
DA:127,0
DA:128,0
DA:130,0
DA:132,0
DA:134,0
DA:135,0
DA:136,0
FN:141,System.Void BlabberApp.DataStore.Plugins.MySqlUser::Update(BlabberApp.Domain.Interfaces.IEntity)
FNDA:0,System.Void BlabberApp.DataStore.Plugins.MySqlUser::Update(BlabberApp.Domain.Interfaces.IEntity)
DA:142,0
DA:144,0
DA:145,0
DA:146,0
DA:147,0
FN:152,System.Void BlabberApp.DataStore.Plugins.MySqlUser::Delete(BlabberApp.Domain.Interfaces.IEntity)
FNDA:0,System.Void BlabberApp.DataStore.Plugins.MySqlUser::Delete(BlabberApp.Domain.Interfaces.IEntity)
DA:153,0
DA:154,0
DA:155,0
DA:156,0
DA:157,0
DA:158,0
DA:159,0
DA:160,0
FN:166,BlabberApp.Domain.Entities.User BlabberApp.DataStore.Plugins.MySqlUser::DataRow2User(System.Data.DataRow)
FNDA:0,BlabberApp.Domain.Entities.User BlabberApp.DataStore.Plugins.MySqlUser::DataRow2User(System.Data.DataRow)
DA:167,0
DA:168,0
DA:170,0
DA:171,0
DA:172,0
DA:173,0
DA:175,0
DA:176,0
FN:22,System.Void BlabberApp.DataStore.Plugins.MySqlUser::.ctor()
FNDA:0,System.Void BlabberApp.DataStore.Plugins.MySqlUser::.ctor()
DA:23,0
DA:24,0
DA:27,0
DA:29,0
DA:30,0
DA:31,0
DA:32,0
LF:81
LH:0
BRF:2
BRH:0
FNF:9
FNH:0
end_of_record
SF:C:\Users\Alex\Git\CS4790\assignment-05-AlexHamlet\BlabberApp\BlabberApp.DataStore\Adapters\BlabAdapter.cs
FN:25,System.Void BlabberApp.DataStore.Adapters.BlabAdapter::Add(BlabberApp.Domain.Entities.Blab)
FNDA:1,System.Void BlabberApp.DataStore.Adapters.BlabAdapter::Add(BlabberApp.Domain.Entities.Blab)
DA:26,1
DA:27,1
DA:28,1
FN:34,System.Void BlabberApp.DataStore.Adapters.BlabAdapter::Remove(BlabberApp.Domain.Entities.Blab)
FNDA:0,System.Void BlabberApp.DataStore.Adapters.BlabAdapter::Remove(BlabberApp.Domain.Entities.Blab)
DA:35,0
DA:36,0
DA:37,0
FN:43,System.Void BlabberApp.DataStore.Adapters.BlabAdapter::Update(BlabberApp.Domain.Entities.Blab)
FNDA:0,System.Void BlabberApp.DataStore.Adapters.BlabAdapter::Update(BlabberApp.Domain.Entities.Blab)
DA:44,0
DA:45,0
DA:46,0
FN:52,System.Collections.IEnumerable BlabberApp.DataStore.Adapters.BlabAdapter::GetAll()
FNDA:1,System.Collections.IEnumerable BlabberApp.DataStore.Adapters.BlabAdapter::GetAll()
DA:53,1
DA:54,1
DA:55,1
FN:62,BlabberApp.Domain.Entities.Blab BlabberApp.DataStore.Adapters.BlabAdapter::GetById(System.Guid)
FNDA:0,BlabberApp.Domain.Entities.Blab BlabberApp.DataStore.Adapters.BlabAdapter::GetById(System.Guid)
DA:63,0
DA:64,0
DA:65,0
FN:66,System.Collections.IEnumerable BlabberApp.DataStore.Adapters.BlabAdapter::GetByUserId(System.String)
FNDA:0,System.Collections.IEnumerable BlabberApp.DataStore.Adapters.BlabAdapter::GetByUserId(System.String)
DA:67,0
DA:68,0
DA:69,0
FN:16,System.Void BlabberApp.DataStore.Adapters.BlabAdapter::.ctor(BlabberApp.DataStore.Interfaces.IBlabPlugin)
FNDA:4,System.Void BlabberApp.DataStore.Adapters.BlabAdapter::.ctor(BlabberApp.DataStore.Interfaces.IBlabPlugin)
DA:17,4
DA:18,4
DA:19,4
DA:20,4
LF:22
LH:10
BRF:0
BRH:0
FNF:7
FNH:3
end_of_record
SF:C:\Users\Alex\Git\CS4790\assignment-05-AlexHamlet\BlabberApp\BlabberApp.DataStore\Adapters\UserAdapter.cs
FN:26,System.Void BlabberApp.DataStore.Adapters.UserAdapter::Add(BlabberApp.Domain.Entities.User)
FNDA:1,System.Void BlabberApp.DataStore.Adapters.UserAdapter::Add(BlabberApp.Domain.Entities.User)
DA:27,1
DA:28,1
DA:29,1
FN:35,System.Void BlabberApp.DataStore.Adapters.UserAdapter::Remove(BlabberApp.Domain.Entities.User)
FNDA:0,System.Void BlabberApp.DataStore.Adapters.UserAdapter::Remove(BlabberApp.Domain.Entities.User)
DA:36,0
DA:37,0
DA:38,0
FN:44,System.Void BlabberApp.DataStore.Adapters.UserAdapter::Update(BlabberApp.Domain.Entities.User)
FNDA:0,System.Void BlabberApp.DataStore.Adapters.UserAdapter::Update(BlabberApp.Domain.Entities.User)
DA:45,0
DA:46,0
DA:47,0
FN:53,System.Collections.IEnumerable BlabberApp.DataStore.Adapters.UserAdapter::GetAll()
FNDA:1,System.Collections.IEnumerable BlabberApp.DataStore.Adapters.UserAdapter::GetAll()
DA:54,1
DA:55,1
DA:56,1
FN:63,BlabberApp.Domain.Entities.User BlabberApp.DataStore.Adapters.UserAdapter::GetById(System.Guid)
FNDA:0,BlabberApp.Domain.Entities.User BlabberApp.DataStore.Adapters.UserAdapter::GetById(System.Guid)
DA:64,0
DA:65,0
DA:66,0
FN:73,BlabberApp.Domain.Entities.User BlabberApp.DataStore.Adapters.UserAdapter::GetByEmail(System.String)
FNDA:1,BlabberApp.Domain.Entities.User BlabberApp.DataStore.Adapters.UserAdapter::GetByEmail(System.String)
DA:74,1
DA:75,1
DA:76,1
FN:16,System.Void BlabberApp.DataStore.Adapters.UserAdapter::.ctor(BlabberApp.DataStore.Interfaces.IUserPlugin)
FNDA:4,System.Void BlabberApp.DataStore.Adapters.UserAdapter::.ctor(BlabberApp.DataStore.Interfaces.IUserPlugin)
DA:17,4
DA:18,4
DA:19,4
DA:20,4
LF:22
LH:13
BRF:0
BRH:0
FNF:7
FNH:4
end_of_record
SF:C:\Users\Alex\Git\CS4790\assignment-05-AlexHamlet\BlabberApp\BlabberApp.Domain\Entities\Blab.cs
FN:60,System.Guid BlabberApp.Domain.Entities.Blab::get_Id()
FNDA:0,System.Guid BlabberApp.Domain.Entities.Blab::get_Id()
DA:61,0
FN:61,System.DateTime BlabberApp.Domain.Entities.Blab::get_DTTM()
FNDA:0,System.DateTime BlabberApp.Domain.Entities.Blab::get_DTTM()
DA:62,0
FN:62,System.String BlabberApp.Domain.Entities.Blab::get_Message()
FNDA:0,System.String BlabberApp.Domain.Entities.Blab::get_Message()
DA:63,0
FN:63,BlabberApp.Domain.Entities.User BlabberApp.Domain.Entities.Blab::get_User()
FNDA:0,BlabberApp.Domain.Entities.User BlabberApp.Domain.Entities.Blab::get_User()
DA:64,0
FN:16,System.Void BlabberApp.Domain.Entities.Blab::.ctor()
FNDA:0,System.Void BlabberApp.Domain.Entities.Blab::.ctor()
DA:17,0
DA:18,0
DA:19,0
DA:20,0
DA:21,0
DA:22,0
DA:23,0
FN:27,System.Void BlabberApp.Domain.Entities.Blab::.ctor(System.String)
FNDA:0,System.Void BlabberApp.Domain.Entities.Blab::.ctor(System.String)
DA:28,0
DA:29,0
DA:30,0
DA:31,0
DA:32,0
DA:33,0
DA:34,0
FN:38,System.Void BlabberApp.Domain.Entities.Blab::.ctor(BlabberApp.Domain.Entities.User)
FNDA:0,System.Void BlabberApp.Domain.Entities.Blab::.ctor(BlabberApp.Domain.Entities.User)
DA:39,0
DA:40,0
DA:41,0
DA:42,0
DA:43,0
DA:44,0
DA:45,0
FN:50,System.Void BlabberApp.Domain.Entities.Blab::.ctor(System.String,BlabberApp.Domain.Entities.User)
FNDA:1,System.Void BlabberApp.Domain.Entities.Blab::.ctor(System.String,BlabberApp.Domain.Entities.User)
DA:51,1
DA:52,1
DA:53,1
DA:54,1
DA:55,1
DA:56,1
DA:57,1
LF:32
LH:7
BRF:0
BRH:0
FNF:8
FNH:1
end_of_record
SF:C:\Users\Alex\Git\CS4790\assignment-05-AlexHamlet\BlabberApp\BlabberApp.Domain\Entities\User.cs
FN:16,System.Guid BlabberApp.Domain.Entities.User::get_Id()
FNDA:0,System.Guid BlabberApp.Domain.Entities.User::get_Id()
DA:17,0
FN:17,System.DateTime BlabberApp.Domain.Entities.User::get_RegisterDTTM()
FNDA:0,System.DateTime BlabberApp.Domain.Entities.User::get_RegisterDTTM()
DA:18,0
FN:18,System.DateTime BlabberApp.Domain.Entities.User::get_LastLoginDTTM()
FNDA:0,System.DateTime BlabberApp.Domain.Entities.User::get_LastLoginDTTM()
DA:19,0
FN:19,System.String BlabberApp.Domain.Entities.User::get_Email()
FNDA:6,System.String BlabberApp.Domain.Entities.User::get_Email()
DA:20,6
FN:41,System.Void BlabberApp.Domain.Entities.User::ChangeEmail(System.String)
FNDA:3,System.Void BlabberApp.Domain.Entities.User::ChangeEmail(System.String)
DA:42,3
DA:43,3
DA:44,0
DA:46,3
DA:47,3
DA:48,3
DA:49,0
DA:50,0
DA:51,0
DA:53,3
DA:54,3
BRDA:43,7,0,3
BRDA:43,7,1,0
BRDA:43,24,0,0
BRDA:43,24,1,3
FN:23,System.Void BlabberApp.Domain.Entities.User::.ctor()
FNDA:0,System.Void BlabberApp.Domain.Entities.User::.ctor()
DA:24,0
DA:25,0
DA:26,0
DA:27,0
FN:31,System.Void BlabberApp.Domain.Entities.User::.ctor(System.String)
FNDA:3,System.Void BlabberApp.Domain.Entities.User::.ctor(System.String)
DA:32,3
DA:33,3
DA:34,3
DA:35,3
DA:36,3
LF:24
LH:13
BRF:4
BRH:2
FNF:7
FNH:3
end_of_record
SF:C:\Users\Alex\Git\CS4790\assignment-05-AlexHamlet\BlabberApp\BlabberApp.Services\BlabService.cs
FN:25,System.Void BlabberApp.Services.BlabService::AddBlab(System.String,System.String)
FNDA:0,System.Void BlabberApp.Services.BlabService::AddBlab(System.String,System.String)
DA:26,0
DA:27,0
DA:28,0
FN:33,System.Void BlabberApp.Services.BlabService::AddBlab(BlabberApp.Domain.Entities.Blab)
FNDA:1,System.Void BlabberApp.Services.BlabService::AddBlab(BlabberApp.Domain.Entities.Blab)
DA:34,1
DA:35,1
DA:36,1
FN:49,System.Collections.IEnumerable BlabberApp.Services.BlabService::GetAll()
FNDA:1,System.Collections.IEnumerable BlabberApp.Services.BlabService::GetAll()
DA:50,1
DA:51,1
DA:52,1
FN:58,System.Collections.IEnumerable BlabberApp.Services.BlabService::FindUserBlabs(System.String)
FNDA:1,System.Collections.IEnumerable BlabberApp.Services.BlabService::FindUserBlabs(System.String)
DA:59,1
DA:60,1
DA:61,1
FN:68,BlabberApp.Domain.Entities.Blab BlabberApp.Services.BlabService::CreateBlab(System.String,System.String)
FNDA:1,BlabberApp.Domain.Entities.Blab BlabberApp.Services.BlabService::CreateBlab(System.String,System.String)
DA:69,1
DA:70,1
DA:71,1
DA:72,1
FN:40,System.Void BlabberApp.Services.BlabService::.ctor(BlabberApp.DataStore.Adapters.BlabAdapter)
FNDA:3,System.Void BlabberApp.Services.BlabService::.ctor(BlabberApp.DataStore.Adapters.BlabAdapter)
DA:41,3
DA:42,3
DA:43,3
DA:44,3
LF:20
LH:17
BRF:0
BRH:0
FNF:6
FNH:5
end_of_record
SF:C:\Users\Alex\Git\CS4790\assignment-05-AlexHamlet\BlabberApp\BlabberApp.Services\BlabServiceFactory.cs
FN:21,BlabberApp.DataStore.Adapters.BlabAdapter BlabberApp.Services.BlabServiceFactory::CreateBlabAdapter(BlabberApp.DataStore.Interfaces.IBlabPlugin)
FNDA:4,BlabberApp.DataStore.Adapters.BlabAdapter BlabberApp.Services.BlabServiceFactory::CreateBlabAdapter(BlabberApp.DataStore.Interfaces.IBlabPlugin)
DA:22,4
DA:23,4
DA:24,4
DA:25,4
DA:26,4
DA:27,4
DA:28,4
BRDA:23,7,0,4
BRDA:23,7,1,4
FN:34,BlabberApp.DataStore.Interfaces.IBlabPlugin BlabberApp.Services.BlabServiceFactory::CreateBlabPlugin(System.String)
FNDA:4,BlabberApp.DataStore.Interfaces.IBlabPlugin BlabberApp.Services.BlabServiceFactory::CreateBlabPlugin(System.String)
DA:35,4
DA:36,4
DA:37,0
DA:38,0
DA:40,4
DA:41,4
BRDA:36,19,0,0
BRDA:36,19,1,4
FN:47,BlabberApp.Services.BlabService BlabberApp.Services.BlabServiceFactory::CreateBlabService(BlabberApp.DataStore.Adapters.BlabAdapter)
FNDA:3,BlabberApp.Services.BlabService BlabberApp.Services.BlabServiceFactory::CreateBlabService(BlabberApp.DataStore.Adapters.BlabAdapter)
DA:48,3
DA:49,3
DA:50,3
DA:51,3
DA:52,3
DA:53,3
DA:54,3
BRDA:49,7,0,3
BRDA:49,7,1,3
LF:20
LH:18
BRF:6
BRH:5
FNF:3
FNH:3
end_of_record
SF:C:\Users\Alex\Git\CS4790\assignment-05-AlexHamlet\BlabberApp\BlabberApp.Services\UserService.cs
FN:32,System.Collections.IEnumerable BlabberApp.Services.UserService::GetAll()
FNDA:1,System.Collections.IEnumerable BlabberApp.Services.UserService::GetAll()
DA:33,1
DA:34,1
DA:35,1
FN:40,System.Void BlabberApp.Services.UserService::AddNewUser(System.String)
FNDA:1,System.Void BlabberApp.Services.UserService::AddNewUser(System.String)
DA:41,1
DA:43,1
DA:44,1
DA:45,1
DA:46,0
DA:47,0
DA:48,0
DA:50,1
FN:56,BlabberApp.Domain.Entities.User BlabberApp.Services.UserService::CreateUser(System.String)
FNDA:2,BlabberApp.Domain.Entities.User BlabberApp.Services.UserService::CreateUser(System.String)
DA:57,2
DA:58,2
DA:59,2
FN:65,BlabberApp.Domain.Entities.User BlabberApp.Services.UserService::FindUser(System.String)
FNDA:1,BlabberApp.Domain.Entities.User BlabberApp.Services.UserService::FindUser(System.String)
DA:66,1
DA:67,1
DA:68,1
FN:23,System.Void BlabberApp.Services.UserService::.ctor(BlabberApp.DataStore.Adapters.UserAdapter)
FNDA:3,System.Void BlabberApp.Services.UserService::.ctor(BlabberApp.DataStore.Adapters.UserAdapter)
DA:24,3
DA:25,3
DA:26,3
DA:27,3
LF:21
LH:18
BRF:0
BRH:0
FNF:5
FNH:5
end_of_record
SF:C:\Users\Alex\Git\CS4790\assignment-05-AlexHamlet\BlabberApp\BlabberApp.Services\UserServiceFactory.cs
FN:20,BlabberApp.DataStore.Adapters.UserAdapter BlabberApp.Services.UserServiceFactory::CreateUserAdapter(BlabberApp.DataStore.Interfaces.IUserPlugin)
FNDA:4,BlabberApp.DataStore.Adapters.UserAdapter BlabberApp.Services.UserServiceFactory::CreateUserAdapter(BlabberApp.DataStore.Interfaces.IUserPlugin)
DA:21,4
DA:22,4
DA:23,4
DA:24,4
DA:25,4
DA:27,4
DA:28,4
BRDA:22,7,0,4
BRDA:22,7,1,4
FN:34,BlabberApp.DataStore.Interfaces.IUserPlugin BlabberApp.Services.UserServiceFactory::CreateUserPlugin(System.String)
FNDA:4,BlabberApp.DataStore.Interfaces.IUserPlugin BlabberApp.Services.UserServiceFactory::CreateUserPlugin(System.String)
DA:35,4
DA:36,4
DA:37,0
DA:38,0
DA:41,4
DA:42,4
BRDA:36,19,0,0
BRDA:36,19,1,4
FN:48,BlabberApp.Services.UserService BlabberApp.Services.UserServiceFactory::CreateUserService(BlabberApp.DataStore.Adapters.UserAdapter)
FNDA:3,BlabberApp.Services.UserService BlabberApp.Services.UserServiceFactory::CreateUserService(BlabberApp.DataStore.Adapters.UserAdapter)
DA:49,3
DA:50,3
DA:51,3
DA:52,3
DA:53,3
DA:55,3
DA:56,3
BRDA:50,7,0,3
BRDA:50,7,1,3
LF:20
LH:18
BRF:6
BRH:5
FNF:3
FNH:3
end_of_record